<?xml version="1.0" encoding="UTF-8"?>
<!-- Generated by org.testng.reporters.JUnitReportReporter -->
<testsuite hostname="DESKTOP-22PQD4G" failures="0" tests="1" name="Testcases.CreatePortfolioTest" time="27.939" errors="0" timestamp="2022-06-26T17:58:25 IST" skipped="0">
  <testcase classname="Testcases.CreatePortfolioTest" name="createPortfolioTest" time="27.939"/>
  <system-out/>
</testsuite> <!-- Testcases.CreatePortfolioTest -->
